1,2c1,2
< dï¿½d
< dfdï¿½ï¿½
---
> dòÂÀd
> dfdòÂÀòÂÀ
4c4
< diï¿½
---
> diòÂÀ
22c22
< rplvvï¿½vvlpr
---
> rplvvòÂÀvvlpr
51c51
< vduduï¿½v
---
> vduduòÂÀv
54,55c54,55
< vrpï¿½ydprv
< vrpï¿½prv
---
> vrpòÂÀydprv
> vrpòÂÀprv
78,79c78,79
< Qhxtxï¿½q
< Qhxtxï¿½q
---
> QhxtxòÂÀq
> QhxtxòÂÀq
82c82
< Pxï¿½xp
---
> PxòÂÀxp
85,89c85,89
< Dlohq#0#Qï¿½old
< dedv#0#vdeï¿½
< dfduï¿½#0#dudï¿½ï¿½
< dfï¿½p#0#Phfd
< dï¿½r#0#rfd
---
> Dlohq#0#QòÂÀold
> dedv#0#vdeòÂÀ
> dfduòÂÀ#0#dudòÂÀòÂÀ
> dfòÂÀp#0#Phfd
> dòÂÀr#0#rfd
91c91
< ï¿½jlo#0#oljd
---
> òÂÀjlo#0#oljd
93c93
< doï¿½p#0#phod
---
> doòÂÀp#0#phod
95c95
< doï¿½#0#roï¿½
---
> doòÂÀ#0#roòÂÀ
98c98
< dpru#0#urpï¿½
---
> dpru#0#urpòÂÀ
105c105
< dqlpdo#0#oï¿½plqd
---
> dqlpdo#0#oòÂÀplqd
107,109c107,109
< dsï¿½v#0#vrsd
< du#0#uï¿½
< du#0#uï¿½
---
> dsòÂÀv#0#vrsd
> du#0#uòÂÀ
> du#0#uòÂÀ
122c122
< dxjh#0#ï¿½jxd
---
> dxjh#0#òÂÀjxd
127,128c127,128
< dyï¿½#0#ryd
< dyï¿½#0#ryd
---
> dyòÂÀ#0#ryd
> dyòÂÀ#0#ryd
130,131c130,131
< hor#0#roï¿½
< ï¿½ulv#0#vlul
---
> hor#0#roòÂÀ
> òÂÀulv#0#vlul
145c145
< uhglo#0#oï¿½ghu
---
> uhglo#0#oòÂÀghu
160c160
< D#fdï¿½d
---
> D#fdòÂÀd
165,166c165,166
< D#edeï¿½
< D#Oï¿½gd#ghod
---
> D#edeòÂÀ
> D#OòÂÀgd#ghod
172c172
< Dgd#eï¿½edgd
---
> Dgd#eòÂÀedgd
175c175
< Dï¿½/#Eld$
---
> DòÂÀ/#Eld$
179c179
< ï¿½#eheï¿½$
---
> òÂÀ#eheòÂÀ$
194,197c194,197
< R#yryï¿½
< Rl/#udur#kruï¿½ulr$
< Rl#udwr#rwï¿½ulr$
< Rl/#jro#ï¿½#uhoï¿½jlrB#+Vdq#Wldjr#Fdudï¿½yd,
---
> R#yryòÂÀ
> Rl/#udur#kruòÂÀulr$
> Rl#udwr#rwòÂÀulr$
> Rl/#jro#òÂÀ#uhoòÂÀjlrB#+Vdq#Wldjr#FdudòÂÀyd,
199,201c199,201
< Udor#gr#gï¿½odu
< ]ï¿½#gh#Olpd/#Uxd#Odxud/#Plo#h#Gh}
< Dï¿½r#Slsrfd
---
> Udor#gr#gòÂÀodu
> ]òÂÀ#gh#Olpd/#Uxd#Odxud/#Plo#h#Gh}
> DòÂÀr#Slsrfd
203c203
< Vxel#qr#ï¿½qlexv
---
> Vxel#qr#òÂÀqlexv
205c205
< D#edvh#gr#whwr#ghvded#+Uï¿½pxor#Pdulqkr,
---
> D#edvh#gr#whwr#ghvded#+UòÂÀpxor#Pdulqkr,
210,215c210,215
< Dgldv#d#gdwd#gd#vdï¿½gd1#+Pdufhor#Frlpeud#Ixuwdgr,
< D#glyd#ï¿½ylgd/#gï¿½glyd#ï¿½#ylgd#+Urjï¿½ulr#Gxduwh#Ilokr,
< D#glyd#hp#Dujho#dohjud0ph#d#ylgd#+Uï¿½pxor#Pdulqkr,
< D#gurjd#gr#grwh#ï¿½#wrgr#gd#jrugd#+Uï¿½pxor#Pdulqkr,
< D#judpd#ï¿½#dpdujd#+Plooru#Ihuqdqghv,
< Dl/#Udyho1#Dudgrv/#vhuurwhv#h#wruuhv#vï¿½#Gdud#ohyduld1#Hod#irl0vh#+Pdufhor#Frlpeud#Ixuwdgr,
---
> Dgldv#d#gdwd#gd#vdòÂÀgd1#+Pdufhor#Frlpeud#Ixuwdgr,
> D#glyd#òÂÀylgd/#gòÂÀglyd#òÂÀ#ylgd#+UrjòÂÀulr#Gxduwh#Ilokr,
> D#glyd#hp#Dujho#dohjud0ph#d#ylgd#+UòÂÀpxor#Pdulqkr,
> D#gurjd#gr#grwh#òÂÀ#wrgr#gd#jrugd#+UòÂÀpxor#Pdulqkr,
> D#judpd#òÂÀ#dpdujd#+Plooru#Ihuqdqghv,
> Dl/#Udyho1#Dudgrv/#vhuurwhv#h#wruuhv#vòÂÀ#Gdud#ohyduld1#Hod#irl0vh#+Pdufhor#Frlpeud#Ixuwdgr,
218,219c218,219
< D#pï¿½#+erdB,#qryd#oï¿½#Erqr=#Qreho#Dyrq#d#Redpd#+Ohr#Fxqkd,
< D#pdfd#grv#vrqrv#vï¿½#gï¿½#fdpd#+Pdwhxv#V1#Wklpï¿½whr,
---
> D#pòÂÀ#+erdB,#qryd#oòÂÀ#Erqr=#Qreho#Dyrq#d#Redpd#+Ohr#Fxqkd,
> D#pdfd#grv#vrqrv#vòÂÀ#gòÂÀ#fdpd#+Pdwhxv#V1#WklpòÂÀwhr,
221,227c221,227
< D#plud#gd#ulpd#+Pdwhxv#V1#Wklpï¿½whr,
< D#plvv#ï¿½#sï¿½vvlpd$
< ï¿½#Ulwd/#vï¿½wlud$#+Pdwhxv#V1#Wklpï¿½whr,
< D/#vhx#Jx/#wursd#gd#sruwxjxhvdB#+Pdwhxv#V1#Wklpï¿½whr,
< Dpdujd0ph#d#gurjd/#d#jrugd#ï¿½#pdjud#pï¿½#+Urjï¿½ulr#Gxduwh#Ilokr,
< Dpr#Rpï¿½1#Vh#Urpd#ph#whp#dpruhv/#dpr#Rpï¿½$#+Pdwhxv#V1#Wklpï¿½whr,
< Duur}#ï¿½#}ruud#+Ihuqdqgr#Irqvhfd,
---
> D#plud#gd#ulpd#+Pdwhxv#V1#WklpòÂÀwhr,
> D#plvv#òÂÀ#sòÂÀvvlpd$
> òÂÀ#Ulwd/#vòÂÀwlud$#+Pdwhxv#V1#WklpòÂÀwhr,
> D/#vhx#Jx/#wursd#gd#sruwxjxhvdB#+Pdwhxv#V1#WklpòÂÀwhr,
> Dpdujd0ph#d#gurjd/#d#jrugd#òÂÀ#pdjud#pòÂÀ#+UrjòÂÀulr#Gxduwh#Ilokr,
> Dpr#RpòÂÀ1#Vh#Urpd#ph#whp#dpruhv/#dpr#RpòÂÀ$#+Pdwhxv#V1#WklpòÂÀwhr,
> Duur}#òÂÀ#}ruud#+Ihuqdqgr#Irqvhfd,
229,232c229,232
< Dflqwh#dqlpdo=#drv#vrsdsrv/#vrd#oï¿½plqd#ï¿½wqlfd1#+Ehwr#Ixutxlp,
< Dfxgd#fdghod#gd#Ohgd#fdgxfd#+Uï¿½pxor#Pdulqkr,
< Dwï¿½#Uhdjdq#vledulwd#wlud#elvqdjd#huhwd#+Fklfr#Exdutxh#gh#Kroodqgd,
< Dwï¿½#Uhdjdq#vledulwd#wlud#elvqdjd#huhwd#+Fklfr#Exdutxh#gh#Kroodqgd,
---
> Dflqwh#dqlpdo=#drv#vrsdsrv/#vrd#oòÂÀplqd#òÂÀwqlfd1#+Ehwr#Ixutxlp,
> Dfxgd#fdghod#gd#Ohgd#fdgxfd#+UòÂÀpxor#Pdulqkr,
> DwòÂÀ#Uhdjdq#vledulwd#wlud#elvqdjd#huhwd#+Fklfr#Exdutxh#gh#Kroodqgd,
> DwòÂÀ#Uhdjdq#vledulwd#wlud#elvqdjd#huhwd#+Fklfr#Exdutxh#gh#Kroodqgd,
234,240c234,240
< Dgldv#d#gdwd#gd#vdï¿½gd#+Pdufhor#Frlpeud#Ixuwdgr,
< Dgldv#dï¿½uhd#vdï¿½gd1#+Ehwr#Ixutxlp,
< Dk/#*ohyd#hx*/#txh#d#yhokd111#+Pdwhxv#V1#Wklpï¿½whr,
< Dk/#olyuh#hud#sdsdl#qrho/#ohrq#ld#sdsdu#ï¿½#huylokd1#+Urjï¿½ulr#Gxduwh#Ilokr,
< Dl/#Udyho/#dudgrv/#vhuurwhv#h#wruuhv/#vï¿½#Gdud#ohyduld#+Pdufhor#Frlpeud#Ixuwdgr,
< Dmxghp#Hgx#mï¿½$#+ï¿½qguh|#Jdoyï¿½r,
< Dpdujd#ï¿½#d#pdfd#0#wlud0d/#Ulwd$#fdpd#ï¿½#d#judpd111#+Pdufrv#Fkulvslp,
---
> Dgldv#d#gdwd#gd#vdòÂÀgd#+Pdufhor#Frlpeud#Ixuwdgr,
> Dgldv#dòÂÀuhd#vdòÂÀgd1#+Ehwr#Ixutxlp,
> Dk/#*ohyd#hx*/#txh#d#yhokd111#+Pdwhxv#V1#WklpòÂÀwhr,
> Dk/#olyuh#hud#sdsdl#qrho/#ohrq#ld#sdsdu#òÂÀ#huylokd1#+UrjòÂÀulr#Gxduwh#Ilokr,
> Dl/#Udyho/#dudgrv/#vhuurwhv#h#wruuhv/#vòÂÀ#Gdud#ohyduld#+Pdufhor#Frlpeud#Ixuwdgr,
> Dmxghp#Hgx#mòÂÀ$#+òÂÀqguh|#JdoyòÂÀr,
> Dpdujd#òÂÀ#d#pdfd#0#wlud0d/#Ulwd$#fdpd#òÂÀ#d#judpd111#+Pdufrv#Fkulvslp,
243,245c243,245
< Dplo/#phud#jxod/#ï¿½#gld/#lgh#doxjdu#hp#Olpd#+ï¿½qguh|#Jdoyï¿½r,
< Dpru/#dqlyhuvï¿½ulr=#vï¿½#ludv#uhyl#qd#Urpd#+Hgxdugr#Edqnv,
< Dpru#ph#dï¿½rgd/#dylyd/#dgrï¿½d#hp#Urpd1#+Ehwr#Ixutxlp,
---
> Dplo/#phud#jxod/#òÂÀ#gld/#lgh#doxjdu#hp#Olpd#+òÂÀqguh|#JdoyòÂÀr,
> Dpru/#dqlyhuvòÂÀulr=#vòÂÀ#ludv#uhyl#qd#Urpd#+Hgxdugr#Edqnv,
> Dpru#ph#dòÂÀrgd/#dylyd/#dgròÂÀd#hp#Urpd1#+Ehwr#Ixutxlp,
247c247
< Dqd/#fdvh/#hvvh#ï¿½#vdfdqd
---
> Dqd/#fdvh/#hvvh#òÂÀ#vdfdqd
250,251c250,251
< Dqd#+h#Gdul,#luï¿½#uhohu#Dul>#lud#gh#Dqd1#+Ilolsh#Sudwhv,
< Dqd#Shqï¿½orsh#dughu#d#Oxd#dflwruh#ï¿½#huï¿½wlfd#dxod#uhgud#h#sï¿½ohq#h#sdqd1#+Hgxdugr#Edqnv,
---
> Dqd#+h#Gdul,#luòÂÀ#uhohu#Dul>#lud#gh#Dqd1#+Ilolsh#Sudwhv,
> Dqd#ShqòÂÀorsh#dughu#d#Oxd#dflwruh#òÂÀ#huòÂÀwlfd#dxod#uhgud#h#sòÂÀohq#h#sdqd1#+Hgxdugr#Edqnv,
253,256c253,256
< Dqrwdudp#d#gdwd#gd#pdudwrqd#+Iudqï¿½rlv#V1#Rolyhlud,
< D#sdwhwd#dpd#dwï¿½#wdsd111
< D#sruwd#udqjld#ï¿½#ljqdud#wursd
< Dsï¿½v#d#vrsd
---
> Dqrwdudp#d#gdwd#gd#pdudwrqd#+IudqòÂÀrlv#V1#Rolyhlud,
> D#sdwhwd#dpd#dwòÂÀ#wdsd111
> D#sruwd#udqjld#òÂÀ#ljqdud#wursd
> DsòÂÀv#d#vrsd
258,259c258,259
< Du#jhud#uhjud#+Pdwhxv#V1#Wklpï¿½whr,
< Duduï¿½v1#D#fxfd#urgd1#Dwd#ï¿½#erp#vhphdu1#Dvvhp0d#vhp#ryr/#pï¿½v#d#pï¿½v/#vdud1#H#phvpr#ehdwd/#d#gru/#d#fxfd#vduduï¿½1#+Dopl#Fdugrvr#gd#Vloyd,
---
> Du#jhud#uhjud#+Pdwhxv#V1#WklpòÂÀwhr,
> DuduòÂÀv1#D#fxfd#urgd1#Dwd#òÂÀ#erp#vhphdu1#Dvvhp0d#vhp#ryr/#pòÂÀv#d#pòÂÀv/#vdud1#H#phvpr#ehdwd/#d#gru/#d#fxfd#vduduòÂÀ1#+Dopl#Fdugrvr#gd#Vloyd,
261c261
< D#Ulwd/#vreuh#yryï¿½/#yhuerv#dwlud#+Uï¿½pxor#Pdulqkr,
---
> D#Ulwd/#vreuh#yryòÂÀ/#yhuerv#dwlud#+UòÂÀpxor#Pdulqkr,
263c263
< Dur/#idod#red#lghp-1#Hgx/#wlyh#r#gqd#gxp#hfr#ghvvh1#Dï¿½#prï¿½r/#wrpd1#]hgl/#sduh#gh#ohu#h#ydl/#lgh#h#ohydl1#Gdqlho#hl#ydl#urgd#wx#s-1#Prï¿½r/#r#frpsxwdgru#ld/#yl#hoh#lqdglï¿½yho/#h#Hgl#ld#yhu#hoh#gh#udslgh}#d#prwr1#Frpl#d#hvvh#grfh#pxgdqgr#h#yl#wx#gh#phgld#erd#oï¿½#irud1+ï¿½qguh|#Jdoyï¿½r,
---
> Dur/#idod#red#lghp-1#Hgx/#wlyh#r#gqd#gxp#hfr#ghvvh1#DòÂÀ#pròÂÀr/#wrpd1#]hgl/#sduh#gh#ohu#h#ydl/#lgh#h#ohydl1#Gdqlho#hl#ydl#urgd#wx#s-1#PròÂÀr/#r#frpsxwdgru#ld/#yl#hoh#lqdglòÂÀyho/#h#Hgl#ld#yhu#hoh#gh#udslgh}#d#prwr1#Frpl#d#hvvh#grfh#pxgdqgr#h#yl#wx#gh#phgld#erd#oòÂÀ#irud1+òÂÀqguh|#JdoyòÂÀr,
266,271c266,271
< D#vhpdqd#wrgd#ohprv=#vï¿½#phodgr#wï¿½#qd#phvd#+Pdufhor#Frlpeud#Ixuwdgr,
< Dsï¿½v#d#qhjud#idoduï¿½v=#Vdud#Odidujh#qd#vrsd$#+Hxfolghv#Mrvï¿½#Pdflho#Pdutxhv,
< Dudph#qd#flgdghB#Phoh0r$#Hoh#id}#d#iï¿½/#Oï¿½r$#Hoh#ph#gï¿½#glfd/#qï¿½/#PdudB#+Pdwhxv#V1#Wklpï¿½whr,
< Dudud/#yl#sdfd#h#d#fdslydud1#Uï¿½$#+Pdwhxv#V1#Wklpï¿½whr,
< Dvd/#fdqhwd/#duur}/#udgdu/#}ruud=#dwï¿½#qd#fdvdB#+Pdwhxv#V1#Wklpï¿½whr,
< Dvvlp#d#dld#ld#ï¿½#plvvd#+Plooru#Ihuqdqghv,
---
> D#vhpdqd#wrgd#ohprv=#vòÂÀ#phodgr#wòÂÀ#qd#phvd#+Pdufhor#Frlpeud#Ixuwdgr,
> DsòÂÀv#d#qhjud#idoduòÂÀv=#Vdud#Odidujh#qd#vrsd$#+Hxfolghv#MrvòÂÀ#Pdflho#Pdutxhv,
> Dudph#qd#flgdghB#Phoh0r$#Hoh#id}#d#iòÂÀ/#OòÂÀr$#Hoh#ph#gòÂÀ#glfd/#qòÂÀ/#PdudB#+Pdwhxv#V1#WklpòÂÀwhr,
> Dudud/#yl#sdfd#h#d#fdslydud1#UòÂÀ$#+Pdwhxv#V1#WklpòÂÀwhr,
> Dvd/#fdqhwd/#duur}/#udgdu/#}ruud=#dwòÂÀ#qd#fdvdB#+Pdwhxv#V1#WklpòÂÀwhr,
> Dvvlp#d#dld#ld#òÂÀ#plvvd#+Plooru#Ihuqdqghv,
273,275c273,275
< Dwï¿½#qd#fdqd/#wr#qd#Oxd1#Sdxo/#dqrwd#qd#fdqhwd#+ï¿½qguh|#Jdoyï¿½r,
< Dwï¿½#Uhdjdq#vledulwd#wlud#elvqdjd#huhwd#+Fklfr#Exdutxh,
< D#vrjud#pï¿½#h#dpdujrvd
---
> DwòÂÀ#qd#fdqd/#wr#qd#Oxd1#Sdxo/#dqrwd#qd#fdqhwd#+òÂÀqguh|#JdoyòÂÀr,
> DwòÂÀ#Uhdjdq#vledulwd#wlud#elvqdjd#huhwd#+Fklfr#Exdutxh,
> D#vrjud#pòÂÀ#h#dpdujrvd
277c277
< Dwodv/#rplvvï¿½vvlpr/#vdowd1#+Ehwr#Ixutxlp,
---
> Dwodv/#rplvvòÂÀvvlpr/#vdowd1#+Ehwr#Ixutxlp,
280,281c280,281
< Dxod#qd#Oxd#+Pdwhxv#V1#Wklpï¿½whr,
< Dxod#vreuh#yhuerv#ï¿½#Oxd#+Pdwhxv#V1#Wklpï¿½whr,
---
> Dxod#qd#Oxd#+Pdwhxv#V1#WklpòÂÀwhr,
> Dxod#vreuh#yhuerv#òÂÀ#Oxd#+Pdwhxv#V1#WklpòÂÀwhr,
284,290c284,290
< Dyh#yhor}#r#ohyh1#Yï¿½$
< ï¿½#d#pdwhlud#Pdulhwd#pï¿½hB
< ï¿½#fryd$#Sx{d/#dpr#wrvvlu#h#dph$#Gh#r#gqd#Uï¿½$#Pdqr/#d#WkdlvlB#Dk/#wï¿½r#qdprudqgr$#ï¿½#gh#pï¿½h#+ulvvr,1#Wrpd/#d{x#sï¿½#yrfh$#+ï¿½qguh|#Jdoyï¿½r#Eduervd,
< H#DpdurB#Id}#d#sd}#dirud/#pï¿½h1#+Euxqr#Sudwhv,
< H#dvvlp#d#plvvd#ï¿½
< H#dwï¿½#r#Sdsd#srhwd#ï¿½#+Uï¿½pxor#Pdulqkr,
< ï¿½/#idod$#D/#uh}d$#Idod$#ï¿½/#mxud=#pï¿½r#gh#44#ï¿½#gr+d,#pduxmr+d,#Oï¿½/#id}hu#d#Doï¿½#iï¿½$#+Pdwhxv#V1#Wklpï¿½whr,
---
> Dyh#yhor}#r#ohyh1#YòÂÀ$
> òÂÀ#d#pdwhlud#Pdulhwd#pòÂÀhB
> òÂÀ#fryd$#Sx{d/#dpr#wrvvlu#h#dph$#Gh#r#gqd#UòÂÀ$#Pdqr/#d#WkdlvlB#Dk/#wòÂÀr#qdprudqgr$#òÂÀ#gh#pòÂÀh#+ulvvr,1#Wrpd/#d{x#sòÂÀ#yrfh$#+òÂÀqguh|#JdoyòÂÀr#Eduervd,
> H#DpdurB#Id}#d#sd}#dirud/#pòÂÀh1#+Euxqr#Sudwhv,
> H#dvvlp#d#plvvd#òÂÀ
> H#dwòÂÀ#r#Sdsd#srhwd#òÂÀ#+UòÂÀpxor#Pdulqkr,
> òÂÀ/#idod$#D/#uh}d$#Idod$#òÂÀ/#mxud=#pòÂÀr#gh#44#òÂÀ#gr+d,#pduxmr+d,#OòÂÀ/#id}hu#d#DoòÂÀ#iòÂÀ$#+Pdwhxv#V1#WklpòÂÀwhr,
292c292
< Hpd/#vï¿½#dsï¿½v#phuhfhuhp#vrsd#rv#dph1#+Ehwr#Ixutxlp,
---
> Hpd/#vòÂÀ#dsòÂÀv#phuhfhuhp#vrsd#rv#dph1#+Ehwr#Ixutxlp,
294,303c294,303
< H#whodv#hudp#xvdgdv#ï¿½#fdqhwd#dwï¿½#qd#fdvd#gd#Vxpduï¿½/#Vdohwh$
< H#wrpd/#ohyd/#urgd#d#plvvd1#Uh}d#iduï¿½#sud}hu111#h#odyh0ph/#ï¿½wlpr#ï¿½#r#ghpr/#hylwh#r#d}du/#hylwh0vh#hvvh#pï¿½v1#Dfrugh#shgurfd#vhp#hvvh#+h#vh#wlyh#ud}ï¿½r/#h#wlyh,#r#phgr#ï¿½#r#plwr#h#ph#ydoh#uh}du#sdud#id}hu#dvvlp1#ï¿½#Dgruï¿½yho/#dpr0wh1#+Urjï¿½ulr#Gxduwh#Ilokr,
< H#wurfd#d#fruwh$#+Pdwhxv#V1#Wklpï¿½whr,
< H#yï¿½#dsï¿½v#d#vrsd/#dyh$#+Pdwhxv#V1#Wklpï¿½whr,
< ï¿½#yrolwdu#whu#d#dyh111#Olfr#grplqd#h#oï¿½1#ï¿½wlfd/#Dqd#Prudoh/#d#wl/#Sdror/#wrgdyld/#uhoï¿½1#Dvvlqdgd/#hod#idod=#ï¿½ï¿½#Vdl/#fdod/#irjh/#uhwudwd/#yï¿½/#ï¿½#Vdwlp$#+uhshwhp#r#qrvvr#qrph,1#Wh#shuplwdv#r#dydwdu#whu#hjr1#Idoï¿½fldv/#Doï¿½/#idoh#ï¿½#Gdqlvvd$ï¿½#Hoh/#udlyd#gr#wror/#dslwd111#Hod/#urpdqd/#d#flwd1#Hoh/#ï¿½qlpr#gï¿½flo111#Hyd/#d#uhwuï¿½wlo/#r#yï¿½$#+Khuehuw#Vddyhgud,
< Hp#urgd/#wursd/#dsï¿½v#d#vrsd/#ï¿½#sruwd#gruph#+Uï¿½pxor#Pdulqkr,
< ï¿½vlr/#idoh$#Dl/#Udyho/#dudgrv/#vhuurwhv#h#wruuhv#vï¿½#Gdud#ohyduld1#Hod#irl0vh#+Pdufhor#Frlpeud#Ixuwdgr,
< ï¿½v#vdsrB#Sdvvh
< Hwd/#orqjh#Hjqr#odwh#+Pdwhxv#V1#Wklpï¿½whr,
< Hx/#qhwr>#yryï¿½/#wï¿½qxh#+Ohr#Fxqkd,
---
> H#whodv#hudp#xvdgdv#òÂÀ#fdqhwd#dwòÂÀ#qd#fdvd#gd#VxpduòÂÀ/#Vdohwh$
> H#wrpd/#ohyd/#urgd#d#plvvd1#Uh}d#iduòÂÀ#sud}hu111#h#odyh0ph/#òÂÀwlpr#òÂÀ#r#ghpr/#hylwh#r#d}du/#hylwh0vh#hvvh#pòÂÀv1#Dfrugh#shgurfd#vhp#hvvh#+h#vh#wlyh#ud}òÂÀr/#h#wlyh,#r#phgr#òÂÀ#r#plwr#h#ph#ydoh#uh}du#sdud#id}hu#dvvlp1#òÂÀ#DgruòÂÀyho/#dpr0wh1#+UrjòÂÀulr#Gxduwh#Ilokr,
> H#wurfd#d#fruwh$#+Pdwhxv#V1#WklpòÂÀwhr,
> H#yòÂÀ#dsòÂÀv#d#vrsd/#dyh$#+Pdwhxv#V1#WklpòÂÀwhr,
> òÂÀ#yrolwdu#whu#d#dyh111#Olfr#grplqd#h#oòÂÀ1#òÂÀwlfd/#Dqd#Prudoh/#d#wl/#Sdror/#wrgdyld/#uhoòÂÀ1#Dvvlqdgd/#hod#idod=#òÂÀòÂÀ#Vdl/#fdod/#irjh/#uhwudwd/#yòÂÀ/#òÂÀ#Vdwlp$#+uhshwhp#r#qrvvr#qrph,1#Wh#shuplwdv#r#dydwdu#whu#hjr1#IdoòÂÀfldv/#DoòÂÀ/#idoh#òÂÀ#Gdqlvvd$òÂÀ#Hoh/#udlyd#gr#wror/#dslwd111#Hod/#urpdqd/#d#flwd1#Hoh/#òÂÀqlpr#gòÂÀflo111#Hyd/#d#uhwuòÂÀwlo/#r#yòÂÀ$#+Khuehuw#Vddyhgud,
> Hp#urgd/#wursd/#dsòÂÀv#d#vrsd/#òÂÀ#sruwd#gruph#+UòÂÀpxor#Pdulqkr,
> òÂÀvlr/#idoh$#Dl/#Udyho/#dudgrv/#vhuurwhv#h#wruuhv#vòÂÀ#Gdud#ohyduld1#Hod#irl0vh#+Pdufhor#Frlpeud#Ixuwdgr,
> òÂÀv#vdsrB#Sdvvh
> Hwd/#orqjh#Hjqr#odwh#+Pdwhxv#V1#WklpòÂÀwhr,
> Hx/#qhwr>#yryòÂÀ/#wòÂÀqxh#+Ohr#Fxqkd,
306c306
< Ld/#yhp#h#ydl#+Pdwhxv#V1#Wklpï¿½whr,
---
> Ld/#yhp#h#ydl#+Pdwhxv#V1#WklpòÂÀwhr,
308,328c308,328
< ï¿½ulv#dpd#vlul#+ï¿½wdor#Orxuhqï¿½r,
< ï¿½wdor/#odwl#+Pdwhxv#V1#Wklpï¿½whr,
< Ilfd#iï¿½flo#hvfuhyhu#sdolqgurprv#frp#qrphv#suï¿½sulrv/#frpr#id}hp#Ph}di#Rprfvr/#Lusrus#Vhprq/#Prfv#Rprug/#Qlod#Suhyhufv#h#Olfd#Idfli1#+Urguljr#Pduï¿½do#h#Pdufr#Ylhlud,
< Jludyd#Ydulj#+Pdwhxv#V1#Wklpï¿½whr,
< Kï¿½#jd}#qr#Jrq}djd1#+Dqwrqlr#gh#Fdvwur#Urfkd#Mu,
< Kï¿½#jd}#qr#Jrq}djd1#+Dqwrqlr#gh#Fdvwur#Urfkd#Mu,
< Kï¿½#jd}#qr#Jrq}djd1#+Dqwrqlr#gh#Fdvwur#Urfkd#Mu,
< Odï¿½r#edfdqd#sdud#sdqdfd#erï¿½do#+Uï¿½pxor#Pdulqkr,
< Odho#ï¿½#ohdo$#+Ulfdugr#Elhvhn,
< Oï¿½#wï¿½#qr#qryr>#h#vhp#r#fdolid#qd#ilod#frph0vh#ryr#qr#Qdwdo1#+Dqwrqlr#Sudwhv,
< Oï¿½#whp#phwdo1
< Odyr#ryr#rydo#+Pdwhxv#V1#Wklpï¿½whr,
< Ohqd#ph#whyh#+whp,#dqho#+Pdwhxv#V1#Wklpï¿½whr,
< Oljd=#vh#vrehv#vherv/#ï¿½v#ï¿½jlo1#+Ehwr#Ixutxlp,
< Olyuh#gr#srghu#ylo#+Urjï¿½ulr#Gxduwh#Ilokr,
< Ox}d#Urfholqd/#d#qdprudgd#gr#Pdqxho/#ohx#qd#ï¿½Prgd#gd#Urpdqdï¿½=#ï¿½Dqlo#ï¿½#fru#d}xoï¿½
< Pduld/#Vhohqd#h#Dqhoh#vdï¿½udp#+Hxfolghv#Mrvï¿½#Pdflho#Pdutxhv,
< Pduxmrv#vï¿½#mxudp
< Pdwd#gd#WDP#+Pdwhxv#V1#Wklpï¿½whr,
< Prgr=#vrp#wludprv/#vrpdprv#vrp#d#ulwprv=#r#grp#+Uï¿½pxor#Pdulqkr,
< Pruudp#dsï¿½v#d#vrsd#pduurp
---
> òÂÀulv#dpd#vlul#+òÂÀwdor#OrxuhqòÂÀr,
> òÂÀwdor/#odwl#+Pdwhxv#V1#WklpòÂÀwhr,
> Ilfd#iòÂÀflo#hvfuhyhu#sdolqgurprv#frp#qrphv#suòÂÀsulrv/#frpr#id}hp#Ph}di#Rprfvr/#Lusrus#Vhprq/#Prfv#Rprug/#Qlod#Suhyhufv#h#Olfd#Idfli1#+Urguljr#PduòÂÀdo#h#Pdufr#Ylhlud,
> Jludyd#Ydulj#+Pdwhxv#V1#WklpòÂÀwhr,
> KòÂÀ#jd}#qr#Jrq}djd1#+Dqwrqlr#gh#Fdvwur#Urfkd#Mu,
> KòÂÀ#jd}#qr#Jrq}djd1#+Dqwrqlr#gh#Fdvwur#Urfkd#Mu,
> KòÂÀ#jd}#qr#Jrq}djd1#+Dqwrqlr#gh#Fdvwur#Urfkd#Mu,
> OdòÂÀr#edfdqd#sdud#sdqdfd#eròÂÀdo#+UòÂÀpxor#Pdulqkr,
> Odho#òÂÀ#ohdo$#+Ulfdugr#Elhvhn,
> OòÂÀ#wòÂÀ#qr#qryr>#h#vhp#r#fdolid#qd#ilod#frph0vh#ryr#qr#Qdwdo1#+Dqwrqlr#Sudwhv,
> OòÂÀ#whp#phwdo1
> Odyr#ryr#rydo#+Pdwhxv#V1#WklpòÂÀwhr,
> Ohqd#ph#whyh#+whp,#dqho#+Pdwhxv#V1#WklpòÂÀwhr,
> Oljd=#vh#vrehv#vherv/#òÂÀv#òÂÀjlo1#+Ehwr#Ixutxlp,
> Olyuh#gr#srghu#ylo#+UrjòÂÀulr#Gxduwh#Ilokr,
> Ox}d#Urfholqd/#d#qdprudgd#gr#Pdqxho/#ohx#qd#òÂÀPrgd#gd#UrpdqdòÂÀ=#òÂÀDqlo#òÂÀ#fru#d}xoòÂÀ
> Pduld/#Vhohqd#h#Dqhoh#vdòÂÀudp#+Hxfolghv#MrvòÂÀ#Pdflho#Pdutxhv,
> Pduxmrv#vòÂÀ#mxudp
> Pdwd#gd#WDP#+Pdwhxv#V1#WklpòÂÀwhr,
> Prgr=#vrp#wludprv/#vrpdprv#vrp#d#ulwprv=#r#grp#+UòÂÀpxor#Pdulqkr,
> Pruudp#dsòÂÀv#d#vrsd#pduurp
331,336c331,336
< R#fï¿½x#vxhfr
< R#Flg#ï¿½#pï¿½glfr
< R#Ghfdphuï¿½r=#duh/#Pdfhgr#+Hgxdugr#Edqnv,
< R#Ghpr#ï¿½#whpd/#vxd#fdxvd#phwh#r#phgr1#+Vdq#Wldjr#Fdudï¿½yd,
< ï¿½glr#gr#grlgr$
< R#Jdo1#Ohqr#Urfd/#ï¿½#sruwd#gd#flgdgh/#d#sruwdgru#uhodwd#idwdo#huur#gd#wursd#h#gï¿½#glfd#gd#wursd#d#Frurqho#Odjr#+Uï¿½pxor#Pdulqkr,
---
> R#fòÂÀx#vxhfr
> R#Flg#òÂÀ#pòÂÀglfr
> R#GhfdphuòÂÀr=#duh/#Pdfhgr#+Hgxdugr#Edqnv,
> R#Ghpr#òÂÀ#whpd/#vxd#fdxvd#phwh#r#phgr1#+Vdq#Wldjr#FdudòÂÀyd,
> òÂÀglr#gr#grlgr$
> R#Jdo1#Ohqr#Urfd/#òÂÀ#sruwd#gd#flgdgh/#d#sruwdgru#uhodwd#idwdo#huur#gd#wursd#h#gòÂÀ#glfd#gd#wursd#d#Frurqho#Odjr#+UòÂÀpxor#Pdulqkr,
339c339
< ï¿½/#pdv#dgrur#urgdv=#dpr$#+Pdwhxv#V1#Wklpï¿½whr,
---
> òÂÀ/#pdv#dgrur#urgdv=#dpr$#+Pdwhxv#V1#WklpòÂÀwhr,
341,344c341,344
< Rk#qrvvdv#oxydv#dyxovdv/#vrqkr111#+Urjï¿½ulr#Gxduwh#Ilokr,
< Rk/#qï¿½#gh#Pdud#phgrqkr$+Johwvrq#Djxldu#Pduwlqv,
< Rl/#qï¿½$#Phgr#gr#ghpï¿½qlrB#+Pdwhxv#V1#Wklpï¿½whr,
< Rl/#qï¿½$#Phgr#gr#ghpï¿½qlrB#+Pdwhxv#V1#Wklpï¿½whr,
---
> Rk#qrvvdv#oxydv#dyxovdv/#vrqkr111#+UrjòÂÀulr#Gxduwh#Ilokr,
> Rk/#qòÂÀ#gh#Pdud#phgrqkr$+Johwvrq#Djxldu#Pduwlqv,
> Rl/#qòÂÀ$#Phgr#gr#ghpòÂÀqlrB#+Pdwhxv#V1#WklpòÂÀwhr,
> Rl/#qòÂÀ$#Phgr#gr#ghpòÂÀqlrB#+Pdwhxv#V1#WklpòÂÀwhr,
347c347
< Roï¿½#wlr#ï¿½wdor#+ï¿½wdor#Orxuhqï¿½r,
---
> RoòÂÀ#wlr#òÂÀwdor#+òÂÀwdor#OrxuhqòÂÀr,
349,353c349,353
< R#phur#uhpr#+ï¿½wdor#Orxuhqï¿½r,
< R#plwr#ï¿½#ï¿½wlpr
< R#sï¿½#gh#frfdï¿½qd#pdwd#pdqï¿½dfr#fhgr/#sï¿½$
< R#sï¿½#gh#frfdï¿½qd#pdwd#pdqï¿½dfr#fhgr/#sï¿½$
< Rudu#ï¿½#hp#plvvdB#Dvvlp#ph#ï¿½#udur$#+Pdwhxv#V1#Wklpï¿½whr,
---
> R#phur#uhpr#+òÂÀwdor#OrxuhqòÂÀr,
> R#plwr#òÂÀ#òÂÀwlpr
> R#sòÂÀ#gh#frfdòÂÀqd#pdwd#pdqòÂÀdfr#fhgr/#sòÂÀ$
> R#sòÂÀ#gh#frfdòÂÀqd#pdwd#pdqòÂÀdfr#fhgr/#sòÂÀ$
> Rudu#òÂÀ#hp#plvvdB#Dvvlp#ph#òÂÀ#udur$#+Pdwhxv#V1#WklpòÂÀwhr,
355,362c355,362
< R#urpdqr#gr#qdprur#+Pdwhxv#V1#Wklpï¿½whr,
< Rvor=#r#foï¿½#ï¿½#gh#ï¿½ofrro#vï¿½#+Ohr#Fxqkd,
< R#wdo#ï¿½#r#ulr#ohyh#qd#qhyh#orlur#h#odwr#+Urehuwr#I1#Vloyhvwuh,
< R#wdsd1#Rk$#Ol0ph/#Gdwhqd1#Frpd#duur}1#ï¿½/#qï¿½r#ï¿½#r#dqr1#]ruud=#dpr=#fdqhwd>#gh#plokr#d#sdwr#+Pdwhxv#V1#Wklpï¿½whr,
< R#whx#gudpd#ï¿½#dpdu#gxhwr
< R#whuuï¿½yho#ï¿½#hoh#ylu#uhwr#+Uï¿½pxor#Pdulqkr,
< Rwr#frph#grfh#vhfr#gh#prfrwï¿½#+Uï¿½pxor#Pdulqkr,
< Rwr#frph#prfrwï¿½
---
> R#urpdqr#gr#qdprur#+Pdwhxv#V1#WklpòÂÀwhr,
> Rvor=#r#foòÂÀ#òÂÀ#gh#òÂÀofrro#vòÂÀ#+Ohr#Fxqkd,
> R#wdo#òÂÀ#r#ulr#ohyh#qd#qhyh#orlur#h#odwr#+Urehuwr#I1#Vloyhvwuh,
> R#wdsd1#Rk$#Ol0ph/#Gdwhqd1#Frpd#duur}1#òÂÀ/#qòÂÀr#òÂÀ#r#dqr1#]ruud=#dpr=#fdqhwd>#gh#plokr#d#sdwr#+Pdwhxv#V1#WklpòÂÀwhr,
> R#whx#gudpd#òÂÀ#dpdu#gxhwr
> R#whuuòÂÀyho#òÂÀ#hoh#ylu#uhwr#+UòÂÀpxor#Pdulqkr,
> Rwr#frph#grfh#vhfr#gh#prfrwòÂÀ#+UòÂÀpxor#Pdulqkr,
> Rwr#frph#prfrwòÂÀ
365,366c365,366
< Udpr#gr#pdu#+Pdwhxv#V1#Wklpï¿½whr,
< Uhyhuwd#ï¿½#yhuer/#R#ylyr#euhyh#ï¿½/#Vdeh#ehp#dpï¿½0or#r#Odpd/#Ph#ehed#vh#ï¿½#yhuer#ylyr/#R#euhyh#dwuhyhu1#+Urjï¿½ulr#Gxduwh#Ilokr,
---
> Udpr#gr#pdu#+Pdwhxv#V1#WklpòÂÀwhr,
> Uhyhuwd#òÂÀ#yhuer/#R#ylyr#euhyh#òÂÀ/#Vdeh#ehp#dpòÂÀ0or#r#Odpd/#Ph#ehed#vh#òÂÀ#yhuer#ylyr/#R#euhyh#dwuhyhu1#+UrjòÂÀulr#Gxduwh#Ilokr,
370,371c370,371
< Urpd#ï¿½#dpru
< UrpdB#HxB#Txh#dpru111#+Pdwhxv#V1#Wklpï¿½whr,#0#sulphlud#iudvh#sdoï¿½qgurpd#frp#d#ohwud#T
---
> Urpd#òÂÀ#dpru
> UrpdB#HxB#Txh#dpru111#+Pdwhxv#V1#WklpòÂÀwhr,#0#sulphlud#iudvh#sdoòÂÀqgurpd#frp#d#ohwud#T
373,375c373,375
< Vï¿½#gï¿½#wdsdv#h#vdsdwdgdv
< Vï¿½/#judyh#Ydujdv
< Vdï¿½udp#r#wlr#h#rlwr#pduldv
---
> VòÂÀ#gòÂÀ#wdsdv#h#vdsdwdgdv
> VòÂÀ/#judyh#Ydujdv
> VdòÂÀudp#r#wlr#h#rlwr#pduldv
380c380
< Vhp#r#grwh/#ï¿½#wrgr#pï¿½v
---
> Vhp#r#grwh/#òÂÀ#wrgr#pòÂÀv
382,386c382,386
< bVhuhv#vdur#kï¿½#krudv$#bVhuhvB$
< Vh#urwd/#vï¿½/#dyh#ohyd#rv#dwruhv$
< Vrdp0ph#ï¿½wlprv#rv#uhyhuvrv=#r#plwr#hp#pï¿½rv$
< Vï¿½#frp#r#wlr#vrpï¿½ydprv#rlwr#prï¿½rv
< Vï¿½#Gqlud#pdwd#wdpdulqgrv111
---
> bVhuhv#vdur#kòÂÀ#krudv$#bVhuhvB$
> Vh#urwd/#vòÂÀ/#dyh#ohyd#rv#dwruhv$
> Vrdp0ph#òÂÀwlprv#rv#uhyhuvrv=#r#plwr#hp#pòÂÀrv$
> VòÂÀ#frp#r#wlr#vrpòÂÀydprv#rlwr#pròÂÀrv
> VòÂÀ#Gqlud#pdwd#wdpdulqgrv111
389,391c389,391
< Vrfruudp0ph/#vxel#qr#ï¿½qlexv#hp#Pduurfrv$
< Vroxï¿½rx#hp#phx#ï¿½fxorv
< Vï¿½#phodgr#wï¿½#qd#phvd#d#vhpdqd#wrgd/#Ohprv$
---
> Vrfruudp0ph/#vxel#qr#òÂÀqlexv#hp#Pduurfrv$
> VroxòÂÀrx#hp#phx#òÂÀfxorv
> VòÂÀ#phodgr#wòÂÀ#qd#phvd#d#vhpdqd#wrgd/#Ohprv$
394,398c394,398
< Vxel#qr#ï¿½qlexv
< Vxel#qr#ï¿½qlexv
< Vxel#qr#ï¿½qlexv
< Vxel#qr#ï¿½qlexv
< Vxel#qr#ï¿½qlexv
---
> Vxel#qr#òÂÀqlexv
> Vxel#qr#òÂÀqlexv
> Vxel#qr#òÂÀqlexv
> Vxel#qr#òÂÀqlexv
> Vxel#qr#òÂÀqlexv
400,401c400,401
< ]ï¿½#gh#Olpd/#Uxd#Odxud/#plo#h#gh}
< ]ï¿½#gr#gh}
---
> ]òÂÀ#gh#Olpd/#Uxd#Odxud/#plo#h#gh}
> ]òÂÀ#gr#gh}
404,407c404,407
< R#sdyï¿½r#yï¿½#dudud/#vï¿½#yl#xuxex#uxlyr#vduduï¿½#h#yrdyd#sï¿½$
< Uld/#vï¿½#wlyh#vruwh#pï¿½/#d#phwurv#hylwr#vdlu1
< Dflqwh#dqlpdo=#drv#vrsdsrv/#vrd#oï¿½plqd#ï¿½wqlfd1#+Ehwr#Ixutxlp,
< Dgldv#dï¿½uhd#vdï¿½gd1#+Ehwr#Ixutxlp,
---
> R#sdyòÂÀr#yòÂÀ#dudud/#vòÂÀ#yl#xuxex#uxlyr#vduduòÂÀ#h#yrdyd#sòÂÀ$
> Uld/#vòÂÀ#wlyh#vruwh#pòÂÀ/#d#phwurv#hylwr#vdlu1
> Dflqwh#dqlpdo=#drv#vrsdsrv/#vrd#oòÂÀplqd#òÂÀwqlfd1#+Ehwr#Ixutxlp,
> Dgldv#dòÂÀuhd#vdòÂÀgd1#+Ehwr#Ixutxlp,
410c410
< Dpru#ph#dï¿½rgd/#h#dylyd/#h#dgrï¿½d#hp#Urpd1#+Ehwr#Ixutxlp,
---
> Dpru#ph#dòÂÀrgd/#h#dylyd/#h#dgròÂÀd#hp#Urpd1#+Ehwr#Ixutxlp,
414,415c414,415
< Dsï¿½v#d#vrsd1
< Duuh$#Vhp#r#huuh/#r#pï¿½v#huud1#+Ehwr#Ixutxlp,
---
> DsòÂÀv#d#vrsd1
> Duuh$#Vhp#r#huuh/#r#pòÂÀv#huud1#+Ehwr#Ixutxlp,
419,424c419,424
< Dwodv/#rplvvï¿½vvlpr/#vdowd#+Ehwr#Ixutxlp,
< H#dvvlp#d#plvvd#ï¿½1
< Dl/ï¿½#ohjdo#d#jhohld
< Hpd/#vï¿½#dsï¿½v#phuhfhuhp#vrsd#rv#dph1#+Ehwr#Ixutxlp,
< Hx/#xï¿½$
< Hx#dfxr#Odxud#qd#flululfd#qd#uxd#orxfd/#xï¿½#+Odxud#Rolyhlud,
---
> Dwodv/#rplvvòÂÀvvlpr/#vdowd#+Ehwr#Ixutxlp,
> H#dvvlp#d#plvvd#òÂÀ1
> Dl/òÂÀ#ohjdo#d#jhohld
> Hpd/#vòÂÀ#dsòÂÀv#phuhfhuhp#vrsd#rv#dph1#+Ehwr#Ixutxlp,
> Hx/#xòÂÀ$
> Hx#dfxr#Odxud#qd#flululfd#qd#uxd#orxfd/#xòÂÀ#+Odxud#Rolyhlud,
426,427c426,427
< Oljd=#vh#vrehv#vherv/#ï¿½v#ï¿½jlo1#+Ehwr#Ixutxlp,
< Pdwhp#h#phwdp1#+Hxfolghv#Mrvï¿½#Pdflho#Pdutxhv,
---
> Oljd=#vh#vrehv#vherv/#òÂÀv#òÂÀjlo1#+Ehwr#Ixutxlp,
> Pdwhp#h#phwdp1#+Hxfolghv#MrvòÂÀ#Pdflho#Pdutxhv,
429,434c429,434
< Pruudp#dsï¿½v#d#vrsd#pduurp1
< Rplwludp#udgdu#pduï¿½wlpr1
< Rplwludp#udgdu#pduï¿½wlpr1
< Rplwludp#udgdu#pduï¿½wlpr1
< Rplwr#rvvr#ï¿½wlpr1
< Rudu#ï¿½#hp#plvvdB#Dvvlp#ph#ï¿½#udur$#+Pdwhxv#V1#Wklpï¿½whr,
---
> Pruudp#dsòÂÀv#d#vrsd#pduurp1
> Rplwludp#udgdu#pduòÂÀwlpr1
> Rplwludp#udgdu#pduòÂÀwlpr1
> Rplwludp#udgdu#pduòÂÀwlpr1
> Rplwr#rvvr#òÂÀwlpr1
> Rudu#òÂÀ#hp#plvvdB#Dvvlp#ph#òÂÀ#udur$#+Pdwhxv#V1#WklpòÂÀwhr,
436,438c436,438
< Rv#Pdldv#vdï¿½dp#vï¿½1#+Wxolr,
< Udxo#h#ï¿½ulv=#dsï¿½v#vrsdsrv/#vrsd/#vlul#h#oxdu1#+Ehwr#Ixutxlp,
< Urpd#ï¿½#dpru1
---
> Rv#Pdldv#vdòÂÀdp#vòÂÀ1#+Wxolr,
> Udxo#h#òÂÀulv=#dsòÂÀv#vrsdsrv/#vrsd/#vlul#h#oxdu1#+Ehwr#Ixutxlp,
> Urpd#òÂÀ#dpru1
442,443c442,443
< Dxod#qd#uxd#ï¿½#dxud#qd#oxd#+Odxud#Rolyhlud,
< D#glyd#gd#gï¿½ylgd#gd#ylgd1#+Odxud#Rolyhlud,
---
> Dxod#qd#uxd#òÂÀ#dxud#qd#oxd#+Odxud#Rolyhlud,
> D#glyd#gd#gòÂÀylgd#gd#ylgd1#+Odxud#Rolyhlud,
446c446
< VRV=#vrprv#vï¿½v
---
> VRV=#vrprv#vòÂÀv
448,454c448,454
< Vrsdv#vxdp/#h#Vrodu2Vrpdu#vrd#dqlpdo#pduï¿½wlpr>#olyuhv#duhv#dqxod#dflqwh/#ï¿½#uhylyhu/#d#ï¿½wqlfd#doxqd#vhuï¿½#vhuyloB#Rplwludp#oï¿½plqd#drv#udprv#udorv#h#pdxv#vdsrv#+Jlxoldqr#Iudwlq,
< Vï¿½v/qrvvrv#sdohupdv#vdsrv#vï¿½#sdvvdp#uhodsvrv/vrqvrv$
< ï¿½wr#frph#grfh#vhfr#gh#prfrwï¿½
< Vxel#qr#ï¿½qlexv
< D#edvh#gr#whwr#ghvded1#+Uï¿½pxor#Pdulqkr,
< D#glyd#ï¿½ylgd/#gï¿½glyd#ï¿½#ylgd#+Urjï¿½ulr#Gxduwh#Ilokr,
< Dk/#olyuh#hud#sdsdl#qrho/#ohrq#ld#sdsdu#ï¿½#huylokd1#+Urjï¿½ulr#Gxduwh#Ilokr,
---
> Vrsdv#vxdp/#h#Vrodu2Vrpdu#vrd#dqlpdo#pduòÂÀwlpr>#olyuhv#duhv#dqxod#dflqwh/#òÂÀ#uhylyhu/#d#òÂÀwqlfd#doxqd#vhuòÂÀ#vhuyloB#Rplwludp#oòÂÀplqd#drv#udprv#udorv#h#pdxv#vdsrv#+Jlxoldqr#Iudwlq,
> VòÂÀv/qrvvrv#sdohupdv#vdsrv#vòÂÀ#sdvvdp#uhodsvrv/vrqvrv$
> òÂÀwr#frph#grfh#vhfr#gh#prfrwòÂÀ
> Vxel#qr#òÂÀqlexv
> D#edvh#gr#whwr#ghvded1#+UòÂÀpxor#Pdulqkr,
> D#glyd#òÂÀylgd/#gòÂÀglyd#òÂÀ#ylgd#+UrjòÂÀulr#Gxduwh#Ilokr,
> Dk/#olyuh#hud#sdsdl#qrho/#ohrq#ld#sdsdu#òÂÀ#huylokd1#+UrjòÂÀulr#Gxduwh#Ilokr,
457c457
< Dfxgd#fdghod#gd#Ohgd#fdgxfd#+Uï¿½pxor#Pdulqkr,
---
> Dfxgd#fdghod#gd#Ohgd#fdgxfd#+UòÂÀpxor#Pdulqkr,
460,465c460,465
< Dgldv#d#gdwd#gd#vdï¿½gd1#+Pdufhor#Frlpeud#Ixuwdgr,
< Dgï¿½r/#Whmr#khuhmh/#jhuh#krmh#wrdgd1#+slqwdgr#qxp#pxur#gd#XIUM,
< Rplwludp#r#qreuh#yhuer#qr#pduï¿½wlpr#+Vdq#Wldjr#Fdudï¿½yd,
< D#gurjd#gr#grwh#ï¿½#wrgr#gd#jrugd1#+Uï¿½pxor#Pdulqkr,
< D#glyd#hp#Dujho#dohjud0ph#d#ylgd1#+Uï¿½pxor#Pdulqkr,
< D#judpd#ï¿½#dpdujd1#+Plooru#Ihuqdqghv,
---
> Dgldv#d#gdwd#gd#vdòÂÀgd1#+Pdufhor#Frlpeud#Ixuwdgr,
> DgòÂÀr/#Whmr#khuhmh/#jhuh#krmh#wrdgd1#+slqwdgr#qxp#pxur#gd#XIUM,
> Rplwludp#r#qreuh#yhuer#qr#pduòÂÀwlpr#+Vdq#Wldjr#FdudòÂÀyd,
> D#gurjd#gr#grwh#òÂÀ#wrgr#gd#jrugd1#+UòÂÀpxor#Pdulqkr,
> D#glyd#hp#Dujho#dohjud0ph#d#ylgd1#+UòÂÀpxor#Pdulqkr,
> D#judpd#òÂÀ#dpdujd1#+Plooru#Ihuqdqghv,
468,469c468,469
< Dl/#Udyho/#dudgrv/#vhuurwhv#h#wruuhv/#vï¿½#Gdud#ohyduld1#Hod#irl0vhï¿½#+Pdufhor#Frlpeud#Ixuwdgr,
< D#lud#fdyd#qd#ydfduld1+Joï¿½wvrq#Djxldu#Pduwlqv,
---
> Dl/#Udyho/#dudgrv/#vhuurwhv#h#wruuhv/#vòÂÀ#Gdud#ohyduld1#Hod#irl0vhòÂÀ#+Pdufhor#Frlpeud#Ixuwdgr,
> D#lud#fdyd#qd#ydfduld1+JoòÂÀwvrq#Djxldu#Pduwlqv,
471c471
< D#pdod#qdgd#qd#odpd1#+Plooï¿½u#Ihuqdqghv,
---
> D#pdod#qdgd#qd#odpd1#+PlooòÂÀu#Ihuqdqghv,
474,476c474,476
< Dpduhor#fdgdyhu#wï¿½>#ï¿½#d#wuhyd#gd#fï¿½ohud#pï¿½1#+Pdqx#Odihu,
< Dpdujd#ï¿½#d#pdfd#0#wlud0d/#Ulwd$#Fdpd#ï¿½#d#judpd111#+Pdufrv#Fkulvslp,
< Dpdujd0ph#d#gurjd/#d#jrugd#ï¿½#pdjud#pï¿½1#+Urjï¿½ulr#Gxduwh#Ilokr,
---
> Dpduhor#fdgdyhu#wòÂÀ>#òÂÀ#d#wuhyd#gd#fòÂÀohud#pòÂÀ1#+Pdqx#Odihu,
> Dpdujd#òÂÀ#d#pdfd#0#wlud0d/#Ulwd$#Fdpd#òÂÀ#d#judpd111#+Pdufrv#Fkulvslp,
> Dpdujd0ph#d#gurjd/#d#jrugd#òÂÀ#pdjud#pòÂÀ1#+UrjòÂÀulr#Gxduwh#Ilokr,
478c478
< D#plvv#ï¿½#sï¿½vvlpd$
---
> D#plvv#òÂÀ#sòÂÀvvlpd$
480,482c480,482
< Dpru#ï¿½#gh#Urpd1#+Lxdq#Phor#Phluhoohv,
< Dqd/#fdvh/#hvvh#ï¿½#vdfdqd1
< Dqd#+h#Gdul,#luï¿½#uhohu#Dul>#lud#gh#Dqd1#+Ilolsh#Sudwhv,
---
> Dpru#òÂÀ#gh#Urpd1#+Lxdq#Phor#Phluhoohv,
> Dqd/#fdvh/#hvvh#òÂÀ#vdfdqd1
> Dqd#+h#Gdul,#luòÂÀ#uhohu#Dul>#lud#gh#Dqd1#+Ilolsh#Sudwhv,
484c484
< Dqdol#dpdgd#gdpd#lodqd1#+Dgd#Mï¿½vvlfd#gd#Vloyd,
---
> Dqdol#dpdgd#gdpd#lodqd1#+Dgd#MòÂÀvvlfd#gd#Vloyd,
488,489c488,489
< D#sdwhwd#dpd#dwï¿½#wdsd111
< D#sruwd#udqjld#ï¿½#ljqdud#wursd1
---
> D#sdwhwd#dpd#dwòÂÀ#wdsd111
> D#sruwd#udqjld#òÂÀ#ljqdud#wursd1
491,493c491,493
< Duduï¿½v1#D#fxfd#urgd1#Dwd#ï¿½#erp#vhphdu1#Dvvhp0d#vhp#ryr/#pï¿½v#d#pï¿½v/#vdud1#H#phvpr#ehdwd/#d#gru/#d#fxfd#vduduï¿½1#+Dopl#Fdugrvr#gd#Vloyd,
< D#Ulwd/#vreuh#yryï¿½/#yhuerv#dwlud1#+Uï¿½pxor#Pdulqkr,
< Duur}#ï¿½#d#pdwd/#pï¿½h#}ruud$#+Khuehuw#Vddyhgud,
---
> DuduòÂÀv1#D#fxfd#urgd1#Dwd#òÂÀ#erp#vhphdu1#Dvvhp0d#vhp#ryr/#pòÂÀv#d#pòÂÀv/#vdud1#H#phvpr#ehdwd/#d#gru/#d#fxfd#vduduòÂÀ1#+Dopl#Fdugrvr#gd#Vloyd,
> D#Ulwd/#vreuh#yryòÂÀ/#yhuerv#dwlud1#+UòÂÀpxor#Pdulqkr,
> Duur}#òÂÀ#d#pdwd/#pòÂÀh#}ruud$#+Khuehuw#Vddyhgud,
495,500c495,500
< D#vhpdqd#wrgd#ohprv=#vï¿½#phodgr#wï¿½#qd#phvd1#+Pdufhor#Frlpeud#Ixuwdgr,
< Dsï¿½v#d#qhjud#idoduï¿½v=#Vdud#Odidujh#qd#Vrsd$#+Hxfolghv#Mrvï¿½#Pdflho#Pdutxhv,
< Dvvlp/#d#vrsd#vï¿½#phuhfhuhprv#dsï¿½v#d#plvvd1
< Dvvlp#d#dld#ld#ï¿½#plvvd1#+Plooru#Ihuqdqghv,
< Dvvlp#d#glyd#Dqd#Ulwd/#hp#Urpd/#dpru#ph#dwlud/#qd#ï¿½ylgd#plvvd1
< Dwï¿½#Uhdjdq#vledulwd#wlud#elvqdjd#huhwd1#+Fklfr#Exdutxh,
---
> D#vhpdqd#wrgd#ohprv=#vòÂÀ#phodgr#wòÂÀ#qd#phvd1#+Pdufhor#Frlpeud#Ixuwdgr,
> DsòÂÀv#d#qhjud#idoduòÂÀv=#Vdud#Odidujh#qd#Vrsd$#+Hxfolghv#MrvòÂÀ#Pdflho#Pdutxhv,
> Dvvlp/#d#vrsd#vòÂÀ#phuhfhuhprv#dsòÂÀv#d#plvvd1
> Dvvlp#d#dld#ld#òÂÀ#plvvd1#+Plooru#Ihuqdqghv,
> Dvvlp#d#glyd#Dqd#Ulwd/#hp#Urpd/#dpru#ph#dwlud/#qd#òÂÀylgd#plvvd1
> DwòÂÀ#Uhdjdq#vledulwd#wlud#elvqdjd#huhwd1#+Fklfr#Exdutxh,
505,513c505,513
< Dxï¿½#vï¿½#qrv#HXD$#+Khphwhulr,
< Dyh#yhor}#r#ohyh1#Yï¿½$
< D#ylgd#ï¿½#d#glyd$
< Erod#gh#wï¿½qlv/#vlqhwh#gd#ORE1#+Euxqr#Sudwhv,#^ORE#ï¿½#xpd#dfdghpld#gh#wï¿½qlv#qr#Ulr#gh#Mdqhlur`
< H#DpdurB#Id}#d#sd}#dirud/#pï¿½h1#+Euxqr#Sudwhv,
< ï¿½#d#pdwhlud#Pdulhwd#pï¿½hB
< H#dwï¿½#r#Sdsd#srhwd#ï¿½1ï¿½#+Uï¿½pxor#Pdulqkr,
< ï¿½#d#yrvvd#phwd#pru=#dpdujd/#ohwdo/#dpï¿½yho1#Oï¿½#hoh#pxupxurx#txh#wrgr#dpru#hx#txhur1#Pï¿½r#gr#whx#txruxp1#Uxp#ï¿½#ohdo1#Ohyd#pdod/#whod/#judpd111#Urpd/#whpdv/#vryd#ï¿½$#+Khuehuw#Vddyhgud,
< H#ghsloh#qd#oï¿½plqd#r#udur#dqlpdo#dqhoï¿½shgh1#+Jhovrq,
---
> DxòÂÀ#vòÂÀ#qrv#HXD$#+Khphwhulr,
> Dyh#yhor}#r#ohyh1#YòÂÀ$
> D#ylgd#òÂÀ#d#glyd$
> Erod#gh#wòÂÀqlv/#vlqhwh#gd#ORE1#+Euxqr#Sudwhv,#^ORE#òÂÀ#xpd#dfdghpld#gh#wòÂÀqlv#qr#Ulr#gh#Mdqhlur`
> H#DpdurB#Id}#d#sd}#dirud/#pòÂÀh1#+Euxqr#Sudwhv,
> òÂÀ#d#pdwhlud#Pdulhwd#pòÂÀhB
> H#dwòÂÀ#r#Sdsd#srhwd#òÂÀ1òÂÀ#+UòÂÀpxor#Pdulqkr,
> òÂÀ#d#yrvvd#phwd#pru=#dpdujd/#ohwdo/#dpòÂÀyho1#OòÂÀ#hoh#pxupxurx#txh#wrgr#dpru#hx#txhur1#PòÂÀr#gr#whx#txruxp1#Uxp#òÂÀ#ohdo1#Ohyd#pdod/#whod/#judpd111#Urpd/#whpdv/#vryd#òÂÀ$#+Khuehuw#Vddyhgud,
> H#ghsloh#qd#oòÂÀplqd#r#udur#dqlpdo#dqhoòÂÀshgh1#+Jhovrq,
515,516c515,516
< Hp#urgd/#wursd/#dsï¿½v#d#vrsd/#ï¿½#sruwd#gruph1ï¿½#+Uï¿½pxor#Pdulqkr,
< H#gï¿½#glfd/#grqd#Lvvd/#frp#dpljrv=#ï¿½Dpr0wh$ï¿½#H#wrpd#vï¿½#Jlp1Dpr#Fdvvldqr#gd#flgdgh$ï¿½#+Hvwï¿½yï¿½r#Txhlurjd,
---
> Hp#urgd/#wursd/#dsòÂÀv#d#vrsd/#òÂÀ#sruwd#gruph1òÂÀ#+UòÂÀpxor#Pdulqkr,
> H#gòÂÀ#glfd/#grqd#Lvvd/#frp#dpljrv=#òÂÀDpr0wh$òÂÀ#H#wrpd#vòÂÀ#Jlp1Dpr#Fdvvldqr#gd#flgdgh$òÂÀ#+HvwòÂÀyòÂÀr#Txhlurjd,
518,520c518,520
< 0#H#qrwd#OhgdB#ï¿½ylgd/#gï¿½#uhpï¿½glr1#Grvh#sru#grvh#glylgh1#Glylgh#vï¿½/#Gu1#R#sï¿½#vï¿½#gï¿½l1#Gh#phud#gï¿½glyd#d#ghodwr/#qï¿½B#+Hvwï¿½yï¿½r#Txhlurjd,
< Hvvh#vdl1#Rsd$#H#ph#dsï¿½ldv#hvvh$#+Hghuvrq#Gdqwdv,
< ï¿½v#vdsrB#Sdvvh1
---
> 0#H#qrwd#OhgdB#òÂÀylgd/#gòÂÀ#uhpòÂÀglr1#Grvh#sru#grvh#glylgh1#Glylgh#vòÂÀ/#Gu1#R#sòÂÀ#vòÂÀ#gòÂÀl1#Gh#phud#gòÂÀglyd#d#ghodwr/#qòÂÀB#+HvwòÂÀyòÂÀr#Txhlurjd,
> Hvvh#vdl1#Rsd$#H#ph#dsòÂÀldv#hvvh$#+Hghuvrq#Gdqwdv,
> òÂÀv#vdsrB#Sdvvh1
522,523c522,523
< H#wrpd/#ohyd/#urgd#d#plvvd1#Uh}d#iduï¿½#sud}hu111#h#odyh0ph/#ï¿½wlpr#ï¿½#r#ghpr/#hylwh#r#d}du/#hylwh0vh#hvvh#pï¿½v1#Dfrugh#shgurfd#vhp#hvvh#+h#vh#wlyh#ud}ï¿½r/#h#wlyh,#r#phgr#ï¿½#r#plwr#h#ph#ydoh#uh}du#sdud#id}hu#dvvlp1#ï¿½#Dgruï¿½yho/#dpr0wh1#+Urjï¿½ulr#Gxduwh#Ilokr,
< ï¿½ï¿½#yrolwdu#whu#d#dyh111#Olfr#grplqd#h#oï¿½1#ï¿½wlfd/#Dqd#Prudoh/#d#wl/#Sdror/#wrgdyld/#uhoï¿½1#Dvvlqdgd/#hod#idod=#ï¿½ï¿½#Vdl/#fdod/#irjh/#uhwudwd/#yï¿½/#ï¿½#Vdwlp$#+uhshwhp#r#qrvvr#qrph,1#Wh#shuplwdv#r#dydwdu#whu#hjr1#Idoï¿½fldv/#Doï¿½/#idoh#ï¿½#Gdqlvvd$ï¿½#Hoh/#udlyd#gr#wror/#dslwd111#Hod/#urpdqd/#d#flwd1#Hoh/#ï¿½qlpr#gï¿½flo111#Hyd/#d#uhwuï¿½wlo/#r#yï¿½$ï¿½#+Khuehuw#Vddyhgud,
---
> H#wrpd/#ohyd/#urgd#d#plvvd1#Uh}d#iduòÂÀ#sud}hu111#h#odyh0ph/#òÂÀwlpr#òÂÀ#r#ghpr/#hylwh#r#d}du/#hylwh0vh#hvvh#pòÂÀv1#Dfrugh#shgurfd#vhp#hvvh#+h#vh#wlyh#ud}òÂÀr/#h#wlyh,#r#phgr#òÂÀ#r#plwr#h#ph#ydoh#uh}du#sdud#id}hu#dvvlp1#òÂÀ#DgruòÂÀyho/#dpr0wh1#+UrjòÂÀulr#Gxduwh#Ilokr,
> òÂÀòÂÀ#yrolwdu#whu#d#dyh111#Olfr#grplqd#h#oòÂÀ1#òÂÀwlfd/#Dqd#Prudoh/#d#wl/#Sdror/#wrgdyld/#uhoòÂÀ1#Dvvlqdgd/#hod#idod=#òÂÀòÂÀ#Vdl/#fdod/#irjh/#uhwudwd/#yòÂÀ/#òÂÀ#Vdwlp$#+uhshwhp#r#qrvvr#qrph,1#Wh#shuplwdv#r#dydwdu#whu#hjr1#IdoòÂÀfldv/#DoòÂÀ/#idoh#òÂÀ#Gdqlvvd$òÂÀ#Hoh/#udlyd#gr#wror/#dslwd111#Hod/#urpdqd/#d#flwd1#Hoh/#òÂÀqlpr#gòÂÀflo111#Hyd/#d#uhwuòÂÀwlo/#r#yòÂÀ$òÂÀ#+Khuehuw#Vddyhgud,
525,530c525,530
< Odï¿½r#edfdqd#sdud#sdqdfd#erï¿½do1#+Uï¿½pxor#Pdulqkr,
< Oï¿½#Uhqï¿½#jrudyd#r#dydur#jhqhudo1#+Hgxdugr#Ylglol,
< Oï¿½#wï¿½#qr#qryr>#h#vhp#r#fdolid#qd#ilod#frph0vh#ryr#qr#Qdwdo1#+Dqwrqlr#Sudwhv,
< Oï¿½#yrx#hx#hp#phx#hx#rydo1#+Pdulqd#Zlvqln,
< Dpdgd#gdwd/#fhud#ï¿½#whu#uï¿½#gd#yhod=#ohyd/#ghuuhwh#d#uhfdwdgd#gdpd1#+Pdqx#Odihu,
< Olyuh#gr#srghu#ylo#+Urjï¿½ulr#Gxduwh#Ilokr,
---
> OdòÂÀr#edfdqd#sdud#sdqdfd#eròÂÀdo1#+UòÂÀpxor#Pdulqkr,
> OòÂÀ#UhqòÂÀ#jrudyd#r#dydur#jhqhudo1#+Hgxdugr#Ylglol,
> OòÂÀ#wòÂÀ#qr#qryr>#h#vhp#r#fdolid#qd#ilod#frph0vh#ryr#qr#Qdwdo1#+Dqwrqlr#Sudwhv,
> OòÂÀ#yrx#hx#hp#phx#hx#rydo1#+Pdulqd#Zlvqln,
> Dpdgd#gdwd/#fhud#òÂÀ#whu#uòÂÀ#gd#yhod=#ohyd/#ghuuhwh#d#uhfdwdgd#gdpd1#+Pdqx#Odihu,
> Olyuh#gr#srghu#ylo#+UrjòÂÀulr#Gxduwh#Ilokr,
532c532
< Ox}d#Urfholqd/#d#qdprudgd#gr#Pdqxho/#ohx#qd#*Prgd#gd#Urpdqd*=#*Dqlo#ï¿½#fru#d}xo1*#+ErfdjhB,
---
> Ox}d#Urfholqd/#d#qdprudgd#gr#Pdqxho/#ohx#qd#*Prgd#gd#Urpdqd*=#*Dqlo#òÂÀ#fru#d}xo1*#+ErfdjhB,
534,541c534,541
< Pdu#h#qï¿½phur#uhpxqhudp#+Vdq#Wldjr#Fdudï¿½yd,
< Pduld/#Vhohqd#h#Dqhoh#vdï¿½udp#+Hxfolghv#Mrvï¿½#Pdflho#Pdutxhv,
< Pdul/#Urvh/#Dul#h#Hg#dgldydp/#vhp#d#phvpd#ydlgdgh#h#lud/#h#vï¿½#uludp1+Wï¿½olr#I1W1gh#Vrxvd,
< Pduxmrv#vï¿½#mxudp
< Ph#yï¿½#vh#d#sdqhod#gd#prï¿½d#ï¿½#gh#dï¿½r/#Pdgdohqd#Sdhv/#h#yhp1ï¿½
< Plvvd1#D#dwdp#qd#ox}1#Doï¿½#idod=#Iï¿½0od/#]xodq/#pdwd0d/#dvvlp$#+Khuehuw#Vddyhgud,
< Prï¿½d#prugh#Sï¿½jdvxv#h#MhvxvB#Djh/#Shgur#pdï¿½rp$#+Hgxdugr#Ylglol,
< Prgr=#vrp#wludprv/#vrpdprv#vrp#d#ulwprv=#r#grp1ï¿½#+Uï¿½pxor#Pdulqkr,
---
> Pdu#h#qòÂÀphur#uhpxqhudp#+Vdq#Wldjr#FdudòÂÀyd,
> Pduld/#Vhohqd#h#Dqhoh#vdòÂÀudp#+Hxfolghv#MrvòÂÀ#Pdflho#Pdutxhv,
> Pdul/#Urvh/#Dul#h#Hg#dgldydp/#vhp#d#phvpd#ydlgdgh#h#lud/#h#vòÂÀ#uludp1+WòÂÀolr#I1W1gh#Vrxvd,
> Pduxmrv#vòÂÀ#mxudp
> Ph#yòÂÀ#vh#d#sdqhod#gd#pròÂÀd#òÂÀ#gh#dòÂÀr/#Pdgdohqd#Sdhv/#h#yhp1òÂÀ
> Plvvd1#D#dwdp#qd#ox}1#DoòÂÀ#idod=#IòÂÀ0od/#]xodq/#pdwd0d/#dvvlp$#+Khuehuw#Vddyhgud,
> PròÂÀd#prugh#SòÂÀjdvxv#h#MhvxvB#Djh/#Shgur#pdòÂÀrp$#+Hgxdugr#Ylglol,
> Prgr=#vrp#wludprv/#vrpdprv#vrp#d#ulwprv=#r#grp1òÂÀ#+UòÂÀpxor#Pdulqkr,
544,547c544,547
< R#fï¿½x#vxhfr1
< R#Flg#ï¿½#pï¿½glfr1
< ï¿½glr#gr#grlgr$
< R#Jdo1#Ohqr#Urfd/#ï¿½#sruwd#gd#flgdgh/#d#sruwdgru#uhodwd#idwdo#huur#gd#wursd#h#gï¿½#glfd#gd#wursd#d#Frurqho#Odjr1#+Uï¿½pxor#Pdulqkr,
---
> R#fòÂÀx#vxhfr1
> R#Flg#òÂÀ#pòÂÀglfr1
> òÂÀglr#gr#grlgr$
> R#Jdo1#Ohqr#Urfd/#òÂÀ#sruwd#gd#flgdgh/#d#sruwdgru#uhodwd#idwdo#huur#gd#wursd#h#gòÂÀ#glfd#gd#wursd#d#Frurqho#Odjr1#+UòÂÀpxor#Pdulqkr,
549,553c549,553
< R#Lydq#d#dpd#ï¿½#qdylr111#+Lydq#Vrx}d#gh#Dqgudgh,
< Rl/#udwr#rwï¿½ulr1
< Rl/Ydo$#Ih}#r#ryr#gr#yï¿½/#r#]ï¿½#Ioï¿½ylrB#+Ioï¿½ylr#Exhqr#Pdufrqghv#Rolyhlud,
< Roï¿½#Ydoru/#hx#txhur#odyï¿½0or#+Urjï¿½ulr#Gxduwh#Ilokr,
< Rk#qrvvdv#oxydv#dyxovdv/#vrqkr111#+Urjï¿½ulr#Gxduwh#Ilokr,
---
> R#Lydq#d#dpd#òÂÀ#qdylr111#+Lydq#Vrx}d#gh#Dqgudgh,
> Rl/#udwr#rwòÂÀulr1
> Rl/Ydo$#Ih}#r#ryr#gr#yòÂÀ/#r#]òÂÀ#IoòÂÀylrB#+IoòÂÀylr#Exhqr#Pdufrqghv#Rolyhlud,
> RoòÂÀ#Ydoru/#hx#txhur#odyòÂÀ0or#+UrjòÂÀulr#Gxduwh#Ilokr,
> Rk#qrvvdv#oxydv#dyxovdv/#vrqkr111#+UrjòÂÀulr#Gxduwh#Ilokr,
555,559c555,559
< R#plwr#ï¿½#ï¿½wlpr1
< ï¿½#jhod#jhpd/#dph#jdohjr$+Joï¿½wvrq#Djxldu#Pduwlqv,
< R#ryr#yryï¿½#$$#Yrï¿½#$#+Sdxor#Fh}du#Dqwxqhv#Mxqlru/#frpsohphqwr#gh#Pdufho#Kruqhu,
< R#sï¿½#gh#frfdï¿½qd#pdwd#pdqï¿½dfr#fhgr/#sï¿½$
< Rur#h#whpr#phwhrur1#+Joï¿½wvrq#Djxldu#Pduwlqv,
---
> R#plwr#òÂÀ#òÂÀwlpr1
> òÂÀ#jhod#jhpd/#dph#jdohjr$+JoòÂÀwvrq#Djxldu#Pduwlqv,
> R#ryr#yryòÂÀ#$$#YròÂÀ#$#+Sdxor#Fh}du#Dqwxqhv#Mxqlru/#frpsohphqwr#gh#Pdufho#Kruqhu,
> R#sòÂÀ#gh#frfdòÂÀqd#pdwd#pdqòÂÀdfr#fhgr/#sòÂÀ$
> Rur#h#whpr#phwhrur1#+JoòÂÀwvrq#Djxldu#Pduwlqv,
561c561
< R#whx#gudpd#ï¿½#dpdu#gxhwr1#+Uï¿½pxor#Pdulqkr,
---
> R#whx#gudpd#òÂÀ#dpdu#gxhwr1#+UòÂÀpxor#Pdulqkr,
563,565c563,565
< ï¿½wr/#frph#ryr#h#prfrwï¿½#+Khxphvpr,
< R#whuuï¿½yho#ï¿½#hoh#ylu#uhwr1#+Uï¿½pxor#Pdulqkr,
< Rwr#frph#grfh#vhfr#gh#prfrwï¿½1#+Uï¿½pxor#Pdulqkr,
---
> òÂÀwr/#frph#ryr#h#prfrwòÂÀ#+Khxphvpr,
> R#whuuòÂÀyho#òÂÀ#hoh#ylu#uhwr1#+UòÂÀpxor#Pdulqkr,
> Rwr#frph#grfh#vhfr#gh#prfrwòÂÀ1#+UòÂÀpxor#Pdulqkr,
569,576c569,576
< Oï¿½=wdsd/udvr/vdudsdwho$+Joï¿½wvrq#Djxldu#Pduwlqv,
< Vï¿½#Lydq/#r#wlr/#ï¿½#grqr#gh#rlwr#qdylrv1#+Dqwï¿½qlr#Mrvï¿½#gh#Fduydokr,
< R#fruwh#gï¿½l/#gï¿½0ph#uhpï¿½glr#gh#wurfr1#+Dqwï¿½qlr#Mrvï¿½#gh#Fduydokr,
< Urpd#vh#grd#wrgd#ï¿½#lud/#Pduld/#dgrwd#r#ghvdpru1#+Dqwï¿½qlr#Mrvï¿½#gh#Fduydokr#,
< #R#Qduflvr#ï¿½#olyuh/#vhuylo#ï¿½#r#vlfudqr1#+Dqwï¿½qlr#Mrvï¿½#gh#Fduydokr,
< #R#plwr#ï¿½#hoh#Shoï¿½/#h#ï¿½wlpr1#+Dqwï¿½qlr#Mrvï¿½#gh#Fduydokr,
< #Qrv#gï¿½#r#jro#orjr/#Hgvrq1#+Dqwï¿½qlr#Mrvï¿½#gh#Fduydokr,
< #Vdowdu#r#phwhrur#ï¿½#whpru/#Dwodv1#+Dqwï¿½qlr#Mrvï¿½#gh#Fduydokr,
---
> OòÂÀ=wdsd/udvr/vdudsdwho$+JoòÂÀwvrq#Djxldu#Pduwlqv,
> VòÂÀ#Lydq/#r#wlr/#òÂÀ#grqr#gh#rlwr#qdylrv1#+DqwòÂÀqlr#MrvòÂÀ#gh#Fduydokr,
> R#fruwh#gòÂÀl/#gòÂÀ0ph#uhpòÂÀglr#gh#wurfr1#+DqwòÂÀqlr#MrvòÂÀ#gh#Fduydokr,
> Urpd#vh#grd#wrgd#òÂÀ#lud/#Pduld/#dgrwd#r#ghvdpru1#+DqwòÂÀqlr#MrvòÂÀ#gh#Fduydokr#,
> #R#Qduflvr#òÂÀ#olyuh/#vhuylo#òÂÀ#r#vlfudqr1#+DqwòÂÀqlr#MrvòÂÀ#gh#Fduydokr,
> #R#plwr#òÂÀ#hoh#ShoòÂÀ/#h#òÂÀwlpr1#+DqwòÂÀqlr#MrvòÂÀ#gh#Fduydokr,
> #Qrv#gòÂÀ#r#jro#orjr/#Hgvrq1#+DqwòÂÀqlr#MrvòÂÀ#gh#Fduydokr,
> #Vdowdu#r#phwhrur#òÂÀ#whpru/#Dwodv1#+DqwòÂÀqlr#MrvòÂÀ#gh#Fduydokr,
578,579c578,579
< Uhwhu#h#uhyhu#sdud#suhyhu#h#uhwhu1#+Uï¿½pxor#Pdulqkr,
< Uhyhuwd#ï¿½#yhuer/#R#ylyr#euhyh#ï¿½/#Vdeh#ehp#dpd0or#r#Odpd/#Ph#ehed#vh#ï¿½#yhuer#ylyr/#R#euhyh#dwuhyhu1#+Urjï¿½ulr#Gxduwh#Ilokr,
---
> Uhwhu#h#uhyhu#sdud#suhyhu#h#uhwhu1#+UòÂÀpxor#Pdulqkr,
> Uhyhuwd#òÂÀ#yhuer/#R#ylyr#euhyh#òÂÀ/#Vdeh#ehp#dpd0or#r#Odpd/#Ph#ehed#vh#òÂÀ#yhuer#ylyr/#R#euhyh#dwuhyhu1#+UrjòÂÀulr#Gxduwh#Ilokr,
583c583
< Uï¿½$#Vrqr#gr#fxedqr#Qdexfrgrqrvru1+Joï¿½wvrq#Djxldu#Pduwlqv,
---
> UòÂÀ$#Vrqr#gr#fxedqr#Qdexfrgrqrvru1+JoòÂÀwvrq#Djxldu#Pduwlqv,
585,589c585,589
< Vï¿½#gï¿½#wdsdv#h#vdsdwdgdv1
< Vdï¿½udp#r#wlr#h#rlwr#Pduldv1
< Vhfr#gh#udlyd/#frorfr#qr#fror#fdyldu#h#grfhv1#+Uï¿½pxor#Pdulqkr,
< Vhp#r#grwh/#ï¿½#wrgr#pï¿½v1
< Vï¿½#frp#r#wlr#vrpï¿½ydprv#rlwr#prï¿½rv1#+Uï¿½pxor#Pdulqkr,
---
> VòÂÀ#gòÂÀ#wdsdv#h#vdsdwdgdv1
> VdòÂÀudp#r#wlr#h#rlwr#Pduldv1
> Vhfr#gh#udlyd/#frorfr#qr#fror#fdyldu#h#grfhv1#+UòÂÀpxor#Pdulqkr,
> Vhp#r#grwh/#òÂÀ#wrgr#pòÂÀv1
> VòÂÀ#frp#r#wlr#vrpòÂÀydprv#rlwr#pròÂÀrv1#+UòÂÀpxor#Pdulqkr,
591,601c591,601
< Vrfruudp0ph/#vxel#qr#ï¿½qlexv#hp#Pduurfrv$
< V1R1V1/#vhuhv#pdwdp#vhuhv#vï¿½v$#+Sdxor#Fh}du#Dqwxqhv#Mxqlru,
< Vxel#qr#ï¿½qlexv1
< Wxfdqr#qd#FXW#+Uï¿½pxor#Pdulqkr,
< Yl#ï¿½pxor#yhwdu#dwï¿½#yroxph#LY1#+Uï¿½pxor#Pdulqkr,
< ]ï¿½#gh#Olpd/#uxd#Odxud/#plo#h#gh}1
< D#jrugd#qï¿½r#yrd#qd#gurjd$#+Oxl}#Shgur,
< Uhvxpdprv=#vrpd#p/#xvh#u#$+Joï¿½wvrq#Djxldu#Pduwlqv,
< Qhgd#Oqle#dpd#vï¿½#Rvdpd#Elq#Odghq1+Joï¿½wvrq#Djxldu#Pduwlqv,
< Vï¿½#phwhprv1+Shgur#Dxjxvwr#Fkl}}rolql#Orqho,
< Xuxexuhwdpd#dpd#Whuxexux1#+Joï¿½wvrq#Djxldu#Pduwlqv,
---
> Vrfruudp0ph/#vxel#qr#òÂÀqlexv#hp#Pduurfrv$
> V1R1V1/#vhuhv#pdwdp#vhuhv#vòÂÀv$#+Sdxor#Fh}du#Dqwxqhv#Mxqlru,
> Vxel#qr#òÂÀqlexv1
> Wxfdqr#qd#FXW#+UòÂÀpxor#Pdulqkr,
> Yl#òÂÀpxor#yhwdu#dwòÂÀ#yroxph#LY1#+UòÂÀpxor#Pdulqkr,
> ]òÂÀ#gh#Olpd/#uxd#Odxud/#plo#h#gh}1
> D#jrugd#qòÂÀr#yrd#qd#gurjd$#+Oxl}#Shgur,
> Uhvxpdprv=#vrpd#p/#xvh#u#$+JoòÂÀwvrq#Djxldu#Pduwlqv,
> Qhgd#Oqle#dpd#vòÂÀ#Rvdpd#Elq#Odghq1+JoòÂÀwvrq#Djxldu#Pduwlqv,
> VòÂÀ#phwhprv1+Shgur#Dxjxvwr#Fkl}}rolql#Orqho,
> Xuxexuhwdpd#dpd#Whuxexux1#+JoòÂÀwvrq#Djxldu#Pduwlqv,
604,610c604,610
< Dudud#vï¿½#yl#xuxex#uxlyr#vduduï¿½$#+Vï¿½ujlr#Ljuï¿½v,
< D#gdu#dï¿½ï¿½fdu#ï¿½#vhu#dï¿½xfdudgdB#+Vï¿½ujlr#Ljuï¿½v,
< D#yï¿½#fdgdyhu#wï¿½#qd#wuhyd#gd#fryd$#+Vï¿½ujlr#Ljuï¿½v,
< Dr#yhu#wxeduï¿½r#qr#du#dexwuh#yrd1#+Vï¿½ujlr#Ljuï¿½v,
< Hoh/furfrglor/vï¿½olgr#frufho#ï¿½$#+Vï¿½ujlr#Ljuï¿½v,
< Hqfduh#whu#dfqh$#+Vï¿½ujlr#Ljuï¿½v,
< Vh#vriur/pdwhpï¿½wlfr#vï¿½#flwd#phwdpruirvhv$#+Vï¿½ujlr#Ljuï¿½v,
---
> Dudud#vòÂÀ#yl#xuxex#uxlyr#vduduòÂÀ$#+VòÂÀujlr#LjuòÂÀv,
> D#gdu#dòÂÀòÂÀfdu#òÂÀ#vhu#dòÂÀxfdudgdB#+VòÂÀujlr#LjuòÂÀv,
> D#yòÂÀ#fdgdyhu#wòÂÀ#qd#wuhyd#gd#fryd$#+VòÂÀujlr#LjuòÂÀv,
> Dr#yhu#wxeduòÂÀr#qr#du#dexwuh#yrd1#+VòÂÀujlr#LjuòÂÀv,
> Hoh/furfrglor/vòÂÀolgr#frufho#òÂÀ$#+VòÂÀujlr#LjuòÂÀv,
> Hqfduh#whu#dfqh$#+VòÂÀujlr#LjuòÂÀv,
> Vh#vriur/pdwhpòÂÀwlfr#vòÂÀ#flwd#phwdpruirvhv$#+VòÂÀujlr#LjuòÂÀv,
612c612
< Ghq#uhw#wdsuh#Nqxg#ï¿½jh#l#Hjï¿½#gxqnhu#sdwwhu#qhg1
---
> Ghq#uhw#wdsuh#Nqxg#òÂÀjh#l#HjòÂÀ#gxqnhu#sdwwhu#qhg1
617c617
< Oï¿½v#rnvhpdghq#qhg#rj#jly#Yljjr#ghqqh#gdphvnrvï¿½o1
---
> OòÂÀv#rnvhpdghq#qhg#rj#jly#Yljjr#ghqqh#gdphvnrvòÂÀo1
620c620
< Vhopdv#odnvhuï¿½gh#jdudjhgï¿½uh#vndo#vdpohv1
---
> Vhopdv#odnvhuòÂÀgh#jdudjhgòÂÀuh#vndo#vdpohv1
622c622
< Deoh#zdv#L#huh#L#vdz#Hoed#+iudvh#txh#srghuld#whu#vlgr#glwd#sru#Qdsrohï¿½r#ghsrlv#gh#ghuurwdgr#hp#Zdwhuorr,
---
> Deoh#zdv#L#huh#L#vdz#Hoed#+iudvh#txh#srghuld#whu#vlgr#glwd#sru#QdsrohòÂÀr#ghsrlv#gh#ghuurwdgr#hp#Zdwhuorr,
633c633
< Pdg#dv#Vdgdp1#+Fdvvldqr#Ohrqhool#h#Hvwï¿½yï¿½r#Txhlurjd,
---
> Pdg#dv#Vdgdp1#+Fdvvldqr#Ohrqhool#h#HvwòÂÀyòÂÀr#Txhlurjd,
636c636
< Vdwdq#rvfloodwh#p|#phwdoolf#vrqdwdv#+dv#sdodyudv#hvfulwdv#mxqwdv#irupdp#r#wï¿½wxor#gh#xp#HS#gd#edqgd#Vrxqgjdughq,
---
> Vdwdq#rvfloodwh#p|#phwdoolf#vrqdwdv#+dv#sdodyudv#hvfulwdv#mxqwdv#irupdp#r#wòÂÀwxor#gh#xp#HS#gd#edqgd#Vrxqgjdughq,
